#
# A fatal error has been detected by the Java Runtime Environment:
#
#  SIGBUS (0xa) at pc=0x00007fffb68d8ec9, pid=13698, tid=0x0000000000003203
#
# JRE version: Java(TM) SE Runtime Environment (8.0_131-b11) (build 1.8.0_131-b11)
# Java VM: Java HotSpot(TM) 64-Bit Server VM (25.131-b11 mixed mode bsd-amd64 )
# Problematic frame:
# C  [libsystem_platform.dylib+0x5ec9]  _platform_memmove$VARIANT$Haswell+0x29
#
# Failed to write core dump. Core dumps have been disabled. To enable core dumping, try "ulimit -c unlimited" before starting Java again
#
# If you would like to submit a bug report, please visit:
#   http://bugreport.java.com/bugreport/crash.jsp
#

---------------  T H R E A D  ---------------

Current thread (0x00007fdf86006800):  GCTaskThread [stack: 0x0000700007412000,0x0000700007512000] [id=12803]

siginfo: si_signo: 10 (SIGBUS), si_code: 2 (BUS_ADRERR), si_addr: 0x000000035634d868

Registers:
RAX=0x000000035634d868, RBX=0x0000000000000001, RCX=0x0000000000075318, RDX=0x0000000000075318
RSP=0x0000700007511bc0, RBP=0x0000700007511bc0, RSI=0x00000684081aa488, RDI=0x000000035634d868
R8 =0x000000010ace7f86, R9 =0x000000035634d868, R10=0x00000003563c2b80, R11=0xfffff97f4e1a33e0
R12=0x00007fdf85808a01, R13=0x000000035634d868, R14=0x00007fdf85808a40, R15=0x000000000000ea63
RIP=0x00007fffb68d8ec9, EFLAGS=0x0000000000010206, ERR=0x0000000000000006
  TRAPNO=0x000000000000000e

Top of Stack: (sp=0x0000700007511bc0)
0x0000700007511bc0:   0000700007511bd0 000000010a59c7cc
0x0000700007511bd0:   0000700007511c40 000000010a8c843c
0x0000700007511be0:   0000700007511c70 00000684081aa488
0x0000700007511bf0:   0000000000000000 00007fdf85107d68
0x0000700007511c00:   0000000000000001 0000700007512000
0x0000700007511c10:   0000000000000009 00000001233b4fe8
0x0000700007511c20:   000000010ace7f86 00000001233b4fe8
0x0000700007511c30:   00007fdf85808aa0 00007fdf85808ad8
0x0000700007511c40:   0000700007511c60 000000010a8c8801
0x0000700007511c50:   00007fdf85808a40 00007fdf85808aa0
0x0000700007511c60:   0000700007511cc0 000000010a8c777b
0x0000700007511c70:   00000001233b5ac8 000000010b76c228
0x0000700007511c80:   00000001233b4fe8 000000010a87308d
0x0000700007511c90:   00007fdf85808a40 0000000123478578
0x0000700007511ca0:   000009c51cc343c3 0000000123478578
0x0000700007511cb0:   000009c51cc343c3 0000000000000240
0x0000700007511cc0:   0000700007511d80 000000010a557bcc
0x0000700007511cd0:   0000000000000000 0000000000000400
0x0000700007511ce0:   fffff63ae2426a62 0000000000000000
0x0000700007511cf0:   000009c51dbd959c 000009c51c31a000
0x0000700007511d00:   000009c51dbd959d 0000000000919c00
0x0000700007511d10:   fffff63ae33cc37f 00000000018bf59d
0x0000700007511d20:   000009c51cc343c2 000009c51cc33c01
0x0000700007511d30:   0000000317eb3950 0000000123478578
0x0000700007511d40:   00007fdf850046b0 00007fdf85808a40
0x0000700007511d50:   00007fdf85004430 00007fdf837011f0
0x0000700007511d60:   0000000000000000 000000010aa152cb
0x0000700007511d70:   00007fdf85808a40 0000000000000001
0x0000700007511d80:   0000700007511db0 000000010a8cb2af
0x0000700007511d90:   00007fdf00000008 00007fdf85104e10
0x0000700007511da0:   00007fdf86006800 00007fdf837011f0
0x0000700007511db0:   0000700007511e90 000000010a67717b 

Instructions: (pc=0x00007fffb68d8ec9)
0x00007fffb68d8ea9:   f3 48 89 f8 49 39 d3 72 1b 48 83 fa 60 76 2f 48
0x00007fffb68d8eb9:   81 fa 00 40 00 00 0f 82 bb 00 00 00 48 89 d1 fc
0x00007fffb68d8ec9:   f3 a4 5d c3 48 39 fe 74 f9 48 01 d6 48 01 d7 48
0x00007fffb68d8ed9:   83 fa 60 0f 82 5c 01 00 00 e9 79 01 00 00 48 83 

Register to memory mapping:

RAX=0x000000035634d868 is an unallocated location in the heap
RBX=0x0000000000000001 is an unknown value
RCX=0x0000000000075318 is an unknown value
RDX=0x0000000000075318 is an unknown value
RSP=0x0000700007511bc0 is an unknown value
RBP=0x0000700007511bc0 is an unknown value
RSI=0x00000684081aa488 is an oop
[I 
 - klass: {type array int}
 - length: 120000
RDI=0x000000035634d868 is an unallocated location in the heap
R8 =0x000000010ace7f86: AssumeMP+0 in /Library/Java/JavaVirtualMachines/jdk1.8.0_131.jdk/Contents/Home/jre/lib/server/libjvm.dylib at 0x000000010a400000
R9 =0x000000035634d868 is an unallocated location in the heap
R10=0x00000003563c2b80 is an unallocated location in the heap
R11=0xfffff97f4e1a33e0 is an unknown value
R12=0x00007fdf85808a01 is an unknown value
R13=0x000000035634d868 is an unallocated location in the heap
R14=0x00007fdf85808a40 is an unknown value
R15=0x000000000000ea63 is an unknown value


Stack: [0x0000700007412000,0x0000700007512000],  sp=0x0000700007511bc0,  free space=1022k
Native frames: (J=compiled Java code, j=interpreted, Vv=VM code, C=native code)
C  [libsystem_platform.dylib+0x5ec9]  _platform_memmove$VARIANT$Haswell+0x29
V  [libjvm.dylib+0x19c7cc]  Copy::pd_disjoint_words(HeapWord*, HeapWord*, unsigned long)+0x6c
V  [libjvm.dylib+0x4c843c]  oopDesc* PSPromotionManager::copy_to_survivor_space<false>(oopDesc*)+0x22c
V  [libjvm.dylib+0x4c8801]  PSPromotionManager::process_popped_location_depth(StarTask)+0x119
V  [libjvm.dylib+0x4c777b]  PSPromotionManager::drain_stacks_depth(bool)+0x117
V  [libjvm.dylib+0x157bcc]  CardTableExtension::scavenge_contents_parallel(ObjectStartArray*, MutableSpace*, HeapWord*, PSPromotionManager*, unsigned int, unsigned int)+0x380
V  [libjvm.dylib+0x4cb2af]  OldToYoungRootsTask::do_it(GCTaskManager*, unsigned int)+0x4b
V  [libjvm.dylib+0x27717b]  GCTaskThread::run()+0x1a1
V  [libjvm.dylib+0x48b376]  java_start(Thread*)+0xf6
C  [libsystem_pthread.dylib+0x39af]  _pthread_body+0xb4
C  [libsystem_pthread.dylib+0x38fb]  _pthread_body+0x0
C  [libsystem_pthread.dylib+0x3101]  thread_start+0xd


---------------  P R O C E S S  ---------------

Java Threads: ( => current thread )
  0x00007fdf8581d000 JavaThread "Service Thread" daemon [_thread_blocked, id=21251, stack(0x0000700007db0000,0x0000700007eb0000)]
  0x00007fdf84838000 JavaThread "C1 CompilerThread3" daemon [_thread_blocked, id=20739, stack(0x0000700007cad000,0x0000700007dad000)]
  0x00007fdf84837000 JavaThread "C2 CompilerThread2" daemon [_thread_blocked, id=20227, stack(0x0000700007baa000,0x0000700007caa000)]
  0x00007fdf84836800 JavaThread "C2 CompilerThread1" daemon [_thread_blocked, id=19715, stack(0x0000700007aa7000,0x0000700007ba7000)]
  0x00007fdf85814800 JavaThread "C2 CompilerThread0" daemon [_thread_blocked, id=19203, stack(0x00007000079a4000,0x0000700007aa4000)]
  0x00007fdf8482e000 JavaThread "Signal Dispatcher" daemon [_thread_blocked, id=18691, stack(0x00007000078a1000,0x00007000079a1000)]
  0x00007fdf8380e000 JavaThread "Finalizer" daemon [_thread_blocked, id=14339, stack(0x000070000771b000,0x000070000781b000)]
  0x00007fdf8380b000 JavaThread "Reference Handler" daemon [_thread_blocked, id=13827, stack(0x0000700007618000,0x0000700007718000)]
  0x00007fdf86801800 JavaThread "main" [_thread_blocked, id=6915, stack(0x0000700006bfa000,0x0000700006cfa000)]

Other Threads:
  0x00007fdf85809000 VMThread [stack: 0x0000700007515000,0x0000700007615000] [id=13315]
  0x00007fdf8482e800 WatcherThread [stack: 0x0000700007eb3000,0x0000700007fb3000] [id=21763]

=>0x00007fdf86006800 (exited) GCTaskThread [stack: 0x0000700007412000,0x0000700007512000] [id=12803]

VM state:at safepoint (normal execution)

VM Mutex/Monitor currently owned by a thread:  ([mutex/lock_event])
[0x00007fdf85101110] Threads_lock - owner thread: 0x00007fdf85809000
[0x00007fdf85101610] Heap_lock - owner thread: 0x00007fdf86801800

Heap:
 PSYoungGen      total 1233920K, used 1223168K [0x00000683c7700000, 0x0000068413c00000, 0x000009c51cc00000)
  eden space 1223168K, 100% used [0x00000683c7700000,0x0000068412180000,0x0000068412180000)
  from space 10752K, 0% used [0x0000068412c00000,0x0000068412c00000,0x0000068413680000)
  to   space 10752K, 95% used [0x0000068412180000,0x0000068412b92410,0x0000068412c00000)
 ParOldGen       total 9329664K, used 9333255K [0x000000011cc00000, 0x0000000356300000, 0x00000683c7700000)
  object space 9329664K, 100% used [0x000000011cc00000,0x0000000356681e10,0x0000000356300000)
 Metaspace       used 2745K, capacity 4176K, committed 4352K, reserved 8192K

Card table byte_map: [0x000009c51cc00000,0x000009c9fec01000] byte_map_base: 0x000009c51c31a000

Marking Bits: (ParMarkBitMap*) 0x000000010acf1ea0
 Begin Bits: [0x000009cd40157000, 0x000009f450157000)
 End Bits:   [0x000009f450157000, 0x00000a1b60157000)

Polling page: 0x0000000109251000

CodeCache: size=245760Kb used=1364Kb max_used=1379Kb free=244395Kb
 bounds [0x000000010db2a000, 0x000000010dd9a000, 0x000000011cb2a000]
 total_blobs=308 nmethods=74 adapters=148
 compilation: enabled

Compilation events (10 events):
Event: 0.189 Thread 0x00007fdf84838000   71   !   3       dinic::read (309 bytes)
Event: 0.191 Thread 0x00007fdf84838000 nmethod 71 0x000000010dc7ac90 code [0x000000010dc7b120, 0x000000010dc7da58]
Event: 0.191 Thread 0x00007fdf84837000   72 % !   4       dinic::read @ 41 (309 bytes)
Event: 0.195 Thread 0x00007fdf84836800 nmethod 59 0x000000010dc7fad0 code [0x000000010dc7fca0, 0x000000010dc80c00]
Event: 0.196 Thread 0x00007fdf84838000   73       3       java.nio.ByteBuffer::arrayOffset (35 bytes)
Event: 0.196 Thread 0x00007fdf84838000 nmethod 73 0x000000010dc55fd0 code [0x000000010dc56160, 0x000000010dc56418]
Event: 0.197 Thread 0x00007fdf84838000   74       3       java.nio.charset.CoderResult::isUnderflow (13 bytes)
Event: 0.198 Thread 0x00007fdf84838000 nmethod 74 0x000000010dc55c50 code [0x000000010dc55dc0, 0x000000010dc55f70]
Event: 0.204 Thread 0x00007fdf85814800 nmethod 69% 0x000000010dc81450 code [0x000000010dc81720, 0x000000010dc82810]
Event: 0.205 Thread 0x00007fdf84837000 nmethod 72% 0x000000010dc83710 code [0x000000010dc83900, 0x000000010dc84898]

GC Heap History (10 events):
Event: 4.741 GC heap after
Heap after GC invocations=25 (full 12):
 PSYoungGen      total 1233920K, used 126568K [0x00000683c7700000, 0x0000068413c00000, 0x000009c51cc00000)
  eden space 1223168K, 10% used [0x00000683c7700000,0x00000683cf29a350,0x0000068412180000)
  from space 10752K, 0% used [0x0000068412c00000,0x0000068412c00000,0x0000068413680000)
  to   space 10752K, 0% used [0x0000068412180000,0x0000068412180000,0x0000068412c00000)
 ParOldGen       total 7079936K, used 6083718K [0x000000011cc00000, 0x00000002cce00000, 0x00000683c7700000)
  object space 7079936K, 85% used [0x000000011cc00000,0x0000000290121830,0x00000002cce00000)
 Metaspace       used 2745K, capacity 4176K, committed 4352K, reserved 8192K
}
Event: 4.885 GC heap before
{Heap before GC invocations=26 (full 12):
 PSYoungGen      total 1233920K, used 1222895K [0x00000683c7700000, 0x0000068413c00000, 0x000009c51cc00000)
  eden space 1223168K, 99% used [0x00000683c7700000,0x000006841213bec8,0x0000068412180000)
  from space 10752K, 0% used [0x0000068412c00000,0x0000068412c00000,0x0000068413680000)
  to   space 10752K, 0% used [0x0000068412180000,0x0000068412180000,0x0000068412c00000)
 ParOldGen       total 7079936K, used 6083718K [0x000000011cc00000, 0x00000002cce00000, 0x00000683c7700000)
  object space 7079936K, 85% used [0x000000011cc00000,0x0000000290121830,0x00000002cce00000)
 Metaspace       used 2745K, capacity 4176K, committed 4352K, reserved 8192K
Event: 5.476 GC heap after
Heap after GC invocations=26 (full 12):
 PSYoungGen      total 1233920K, used 1222895K [0x00000683c7700000, 0x0000068413c00000, 0x000009c51cc00000)
  eden space 1223168K, 99% used [0x00000683c7700000,0x000006841213bec8,0x0000068412180000)
  from space 10752K, 0% used [0x0000068412c00000,0x0000068412c00000,0x0000068413680000)
  to   space 10752K, 95% used [0x0000068412180000,0x0000068412b92410,0x0000068412c00000)
 ParOldGen       total 7249408K, used 7249088K [0x000000011cc00000, 0x00000002d7380000, 0x00000683c7700000)
  object space 7249408K, 99% used [0x000000011cc00000,0x00000002d7330340,0x00000002d7380000)
 Metaspace       used 2745K, capacity 4176K, committed 4352K, reserved 8192K
}
Event: 5.476 GC heap before
{Heap before GC invocations=27 (full 13):
 PSYoungGen      total 1233920K, used 1222895K [0x00000683c7700000, 0x0000068413c00000, 0x000009c51cc00000)
  eden space 1223168K, 99% used [0x00000683c7700000,0x000006841213bec8,0x0000068412180000)
  from space 10752K, 0% used [0x0000068412c00000,0x0000068412c00000,0x0000068413680000)
  to   space 10752K, 95% used [0x0000068412180000,0x0000068412b92410,0x0000068412c00000)
 ParOldGen       total 7249408K, used 7249088K [0x000000011cc00000, 0x00000002d7380000, 0x00000683c7700000)
  object space 7249408K, 99% used [0x000000011cc00000,0x00000002d7330340,0x00000002d7380000)
 Metaspace       used 2745K, capacity 4176K, committed 4352K, reserved 8192K
Event: 5.546 GC heap after
Heap after GC invocations=27 (full 13):
 PSYoungGen      total 1233920K, used 56721K [0x00000683c7700000, 0x0000068413c00000, 0x000009c51cc00000)
  eden space 1223168K, 4% used [0x00000683c7700000,0x00000683cae64658,0x0000068412180000)
  from space 10752K, 0% used [0x0000068412c00000,0x0000068412c00000,0x0000068413680000)
  to   space 10752K, 0% used [0x0000068412180000,0x0000068412180000,0x0000068412c00000)
 ParOldGen       total 8249344K, used 7249088K [0x000000011cc00000, 0x0000000314400000, 0x00000683c7700000)
  object space 8249344K, 87% used [0x000000011cc00000,0x00000002d7330340,0x0000000314400000)
 Metaspace       used 2745K, capacity 4176K, committed 4352K, reserved 8192K
}
Event: 5.639 GC heap before
{Heap before GC invocations=28 (full 13):
 PSYoungGen      total 1233920K, used 1223168K [0x00000683c7700000, 0x0000068413c00000, 0x000009c51cc00000)
  eden space 1223168K, 100% used [0x00000683c7700000,0x0000068412180000,0x0000068412180000)
  from space 10752K, 0% used [0x0000068412c00000,0x0000068412c00000,0x0000068413680000)
  to   space 10752K, 0% used [0x0000068412180000,0x0000068412180000,0x0000068412c00000)
 ParOldGen       total 8249344K, used 7249088K [0x000000011cc00000, 0x0000000314400000, 0x00000683c7700000)
  object space 8249344K, 87% used [0x000000011cc00000,0x00000002d7330340,0x0000000314400000)
 Metaspace       used 2745K, capacity 4176K, committed 4352K, reserved 8192K
Event: 6.676 GC heap after
Heap after GC invocations=28 (full 13):
 PSYoungGen      total 1233920K, used 1223168K [0x00000683c7700000, 0x0000068413c00000, 0x000009c51cc00000)
  eden space 1223168K, 100% used [0x00000683c7700000,0x0000068412180000,0x0000068412180000)
  from space 10752K, 0% used [0x0000068412c00000,0x0000068412c00000,0x0000068413680000)
  to   space 10752K, 95% used [0x0000068412180000,0x0000068412b92410,0x0000068412c00000)
 ParOldGen       total 8309760K, used 8309454K [0x000000011cc00000, 0x0000000317f00000, 0x00000683c7700000)
  object space 8309760K, 99% used [0x000000011cc00000,0x0000000317eb3950,0x0000000317f00000)
 Metaspace       used 2745K, capacity 4176K, committed 4352K, reserved 8192K
}
Event: 6.676 GC heap before
{Heap before GC invocations=29 (full 14):
 PSYoungGen      total 1233920K, used 1223168K [0x00000683c7700000, 0x0000068413c00000, 0x000009c51cc00000)
  eden space 1223168K, 100% used [0x00000683c7700000,0x0000068412180000,0x0000068412180000)
  from space 10752K, 0% used [0x0000068412c00000,0x0000068412c00000,0x0000068413680000)
  to   space 10752K, 95% used [0x0000068412180000,0x0000068412b92410,0x0000068412c00000)
 ParOldGen       total 8309760K, used 8309454K [0x000000011cc00000, 0x0000000317f00000, 0x00000683c7700000)
  object space 8309760K, 99% used [0x000000011cc00000,0x0000000317eb3950,0x0000000317f00000)
 Metaspace       used 2745K, capacity 4176K, committed 4352K, reserved 8192K
Event: 6.831 GC heap after
Heap after GC invocations=29 (full 14):
 PSYoungGen      total 1233920K, used 159382K [0x00000683c7700000, 0x0000068413c00000, 0x000009c51cc00000)
  eden space 1223168K, 13% used [0x00000683c7700000,0x00000683d12a5be0,0x0000068412180000)
  from space 10752K, 0% used [0x0000068412c00000,0x0000068412c00000,0x0000068413680000)
  to   space 10752K, 0% used [0x0000068412180000,0x0000068412180000,0x0000068412c00000)
 ParOldGen       total 9313792K, used 8309454K [0x000000011cc00000, 0x0000000355380000, 0x00000683c7700000)
  object space 9313792K, 89% used [0x000000011cc00000,0x0000000317eb3950,0x0000000355380000)
 Metaspace       used 2745K, capacity 4176K, committed 4352K, reserved 8192K
}
Event: 6.936 GC heap before
{Heap before GC invocations=30 (full 14):
 PSYoungGen      total 1233920K, used 1223168K [0x00000683c7700000, 0x0000068413c00000, 0x000009c51cc00000)
  eden space 1223168K, 100% used [0x00000683c7700000,0x0000068412180000,0x0000068412180000)
  from space 10752K, 0% used [0x0000068412c00000,0x0000068412c00000,0x0000068413680000)
  to   space 10752K, 0% used [0x0000068412180000,0x0000068412180000,0x0000068412c00000)
 ParOldGen       total 9313792K, used 8309454K [0x000000011cc00000, 0x0000000355380000, 0x00000683c7700000)
  object space 9313792K, 89% used [0x000000011cc00000,0x0000000317eb3950,0x0000000355380000)
 Metaspace       used 2745K, capacity 4176K, committed 4352K, reserved 8192K

Deoptimization events (0 events):
No events

Internal exceptions (10 events):
Event: 0.153 Thread 0x00007fdf86801800 Exception <a 'java/security/PrivilegedActionException'> (0x00000683c77c6f88) thrown at [/Users/java_re/workspace/8-2-build-macosx-x86_64/jdk8u131/8869/hotspot/src/share/vm/prims/jvm.cpp, line 1390]
Event: 0.154 Thread 0x00007fdf86801800 Exception <a 'java/util/zip/ZipException'> (0x00000683c77c8070) thrown at [/Users/java_re/workspace/8-2-build-macosx-x86_64/jdk8u131/8869/hotspot/src/share/vm/prims/jni.cpp, line 709]
Event: 0.154 Thread 0x00007fdf86801800 Exception <a 'java/security/PrivilegedActionException'> (0x00000683c77c8348) thrown at [/Users/java_re/workspace/8-2-build-macosx-x86_64/jdk8u131/8869/hotspot/src/share/vm/prims/jvm.cpp, line 1390]
Event: 0.154 Thread 0x00007fdf86801800 Exception <a 'java/security/PrivilegedActionException'> (0x00000683c77c8628) thrown at [/Users/java_re/workspace/8-2-build-macosx-x86_64/jdk8u131/8869/hotspot/src/share/vm/prims/jvm.cpp, line 1390]
Event: 0.157 Thread 0x00007fdf86801800 Exception <a 'java/util/zip/ZipException'> (0x00000683c77c9710) thrown at [/Users/java_re/workspace/8-2-build-macosx-x86_64/jdk8u131/8869/hotspot/src/share/vm/prims/jni.cpp, line 709]
Event: 0.157 Thread 0x00007fdf86801800 Exception <a 'java/security/PrivilegedActionException'> (0x00000683c77c99e8) thrown at [/Users/java_re/workspace/8-2-build-macosx-x86_64/jdk8u131/8869/hotspot/src/share/vm/prims/jvm.cpp, line 1390]
Event: 0.157 Thread 0x00007fdf86801800 Exception <a 'java/security/PrivilegedActionException'> (0x00000683c77c9cc8) thrown at [/Users/java_re/workspace/8-2-build-macosx-x86_64/jdk8u131/8869/hotspot/src/share/vm/prims/jvm.cpp, line 1390]
Event: 0.159 Thread 0x00007fdf86801800 Exception <a 'java/util/zip/ZipException'> (0x00000683c77dcc40) thrown at [/Users/java_re/workspace/8-2-build-macosx-x86_64/jdk8u131/8869/hotspot/src/share/vm/prims/jni.cpp, line 709]
Event: 0.159 Thread 0x00007fdf86801800 Exception <a 'java/security/PrivilegedActionException'> (0x00000683c77dcf18) thrown at [/Users/java_re/workspace/8-2-build-macosx-x86_64/jdk8u131/8869/hotspot/src/share/vm/prims/jvm.cpp, line 1390]
Event: 0.159 Thread 0x00007fdf86801800 Exception <a 'java/security/PrivilegedActionException'> (0x00000683c77dd1f8) thrown at [/Users/java_re/workspace/8-2-build-macosx-x86_64/jdk8u131/8869/hotspot/src/share/vm/prims/jvm.cpp, line 1390]

Events (10 events):
Event: 2.969 Executing VM operation: ParallelGCFailedAllocation done
Event: 3.255 Executing VM operation: ParallelGCFailedAllocation
Event: 3.935 Executing VM operation: ParallelGCFailedAllocation done
Event: 4.050 Executing VM operation: ParallelGCFailedAllocation
Event: 4.741 Executing VM operation: ParallelGCFailedAllocation done
Event: 4.885 Executing VM operation: ParallelGCFailedAllocation
Event: 5.546 Executing VM operation: ParallelGCFailedAllocation done
Event: 5.639 Executing VM operation: ParallelGCFailedAllocation
Event: 6.831 Executing VM operation: ParallelGCFailedAllocation done
Event: 6.936 Executing VM operation: ParallelGCFailedAllocation


Dynamic libraries:
0x000000002bb68000 	/System/Library/Frameworks/Cocoa.framework/Versions/A/Cocoa
0x000000002bb68000 	/System/Library/Frameworks/Security.framework/Versions/A/Security
0x000000002bb68000 	/System/Library/Frameworks/ApplicationServices.framework/Versions/A/ApplicationServices
0x000000002bb68000 	/usr/lib/libz.1.dylib
0x000000002bb68000 	/usr/lib/libSystem.B.dylib
0x000000002bb68000 	/usr/lib/libobjc.A.dylib
0x000000002bb68000 	/System/Library/Frameworks/CoreFoundation.framework/Versions/A/CoreFoundation
0x000000002bb68000 	/System/Library/Frameworks/Foundation.framework/Versions/C/Foundation
0x000000002bb68000 	/System/Library/Frameworks/AppKit.framework/Versions/C/AppKit
0x000000002bb68000 	/System/Library/Frameworks/CoreData.framework/Versions/A/CoreData
0x000000002bb68000 	/System/Library/PrivateFrameworks/RemoteViewServices.framework/Versions/A/RemoteViewServices
0x000000002bb68000 	/System/Library/PrivateFrameworks/UIFoundation.framework/Versions/A/UIFoundation
0x000000002bb68000 	/System/Library/PrivateFrameworks/DFRFoundation.framework/Versions/A/DFRFoundation
0x000000002bb68000 	/usr/lib/libenergytrace.dylib
0x000000002bb68000 	/System/Library/PrivateFrameworks/SkyLight.framework/Versions/A/SkyLight
0x000000002bb68000 	/System/Library/Frameworks/CoreGraphics.framework/Versions/A/CoreGraphics
0x000000002bb68000 	/usr/lib/libScreenReader.dylib
0x000000002bb68000 	/System/Library/Frameworks/Accelerate.framework/Versions/A/Accelerate
0x000000002bb68000 	/System/Library/Frameworks/IOSurface.framework/Versions/A/IOSurface
0x000000002bb68000 	/System/Library/Frameworks/AudioToolbox.framework/Versions/A/AudioToolbox
0x000000002bb68000 	/System/Library/Frameworks/AudioUnit.framework/Versions/A/AudioUnit
0x000000002bb68000 	/System/Library/PrivateFrameworks/DataDetectorsCore.framework/Versions/A/DataDetectorsCore
0x000000002bb68000 	/System/Library/PrivateFrameworks/DesktopServicesPriv.framework/Versions/A/DesktopServicesPriv
0x000000002bb68000 	/System/Library/Frameworks/Carbon.framework/Versions/A/Frameworks/HIToolbox.framework/Versions/A/HIToolbox
0x000000002bb68000 	/usr/lib/libicucore.A.dylib
0x000000002bb68000 	/System/Library/Frameworks/QuartzCore.framework/Versions/A/QuartzCore
0x000000002bb68000 	/System/Library/Frameworks/Carbon.framework/Versions/A/Frameworks/SpeechRecognition.framework/Versions/A/SpeechRecognition
0x000000002bb68000 	/usr/lib/libauto.dylib
0x000000002bb68000 	/usr/lib/libxml2.2.dylib
0x000000002bb68000 	/System/Library/PrivateFrameworks/CoreUI.framework/Versions/A/CoreUI
0x000000002bb68000 	/System/Library/Frameworks/CoreAudio.framework/Versions/A/CoreAudio
0x000000002bb68000 	/System/Library/Frameworks/DiskArbitration.framework/Versions/A/DiskArbitration
0x000000002bb68000 	/usr/lib/liblangid.dylib
0x000000002bb68000 	/System/Library/PrivateFrameworks/MultitouchSupport.framework/Versions/A/MultitouchSupport
0x000000002bb68000 	/System/Library/Frameworks/IOKit.framework/Versions/A/IOKit
0x000000002bb68000 	/usr/lib/libDiagnosticMessagesClient.dylib
0x000000002bb68000 	/System/Library/Frameworks/CoreServices.framework/Versions/A/CoreServices
0x000000002bb68000 	/System/Library/PrivateFrameworks/PerformanceAnalysis.framework/Versions/A/PerformanceAnalysis
0x000000002bb68000 	/System/Library/PrivateFrameworks/GenerationalStorage.framework/Versions/A/GenerationalStorage
0x000000002bb68000 	/System/Library/Frameworks/OpenGL.framework/Versions/A/OpenGL
0x000000002bb68000 	/System/Library/Frameworks/CoreImage.framework/Versions/A/CoreImage
0x000000002bb68000 	/System/Library/Frameworks/CoreText.framework/Versions/A/CoreText
0x000000002bb68000 	/System/Library/Frameworks/ImageIO.framework/Versions/A/ImageIO
0x000000002bb68000 	/System/Library/PrivateFrameworks/Backup.framework/Versions/A/Backup
0x000000002bb68000 	/usr/lib/libarchive.2.dylib
0x000000002bb68000 	/System/Library/Frameworks/CFNetwork.framework/Versions/A/CFNetwork
0x000000002bb68000 	/System/Library/Frameworks/SystemConfiguration.framework/Versions/A/SystemConfiguration
0x000000002bb68000 	/usr/lib/libCRFSuite.dylib
0x000000002bb68000 	/usr/lib/libc++.1.dylib
0x000000002bb68000 	/usr/lib/libc++abi.dylib
0x000000002bb68000 	/usr/lib/system/libcache.dylib
0x000000002bb68000 	/usr/lib/system/libcommonCrypto.dylib
0x000000002bb68000 	/usr/lib/system/libcompiler_rt.dylib
0x000000002bb68000 	/usr/lib/system/libcopyfile.dylib
0x000000002bb68000 	/usr/lib/system/libcorecrypto.dylib
0x000000002bb68000 	/usr/lib/system/libdispatch.dylib
0x000000002bb68000 	/usr/lib/system/libdyld.dylib
0x000000002bb68000 	/usr/lib/system/libkeymgr.dylib
0x000000002bb68000 	/usr/lib/system/liblaunch.dylib
0x000000002bb68000 	/usr/lib/system/libmacho.dylib
0x000000002bb68000 	/usr/lib/system/libquarantine.dylib
0x000000002bb68000 	/usr/lib/system/libremovefile.dylib
0x000000002bb68000 	/usr/lib/system/libsystem_asl.dylib
0x000000002bb68000 	/usr/lib/system/libsystem_blocks.dylib
0x000000002bb68000 	/usr/lib/system/libsystem_c.dylib
0x000000002bb68000 	/usr/lib/system/libsystem_configuration.dylib
0x000000002bb68000 	/usr/lib/system/libsystem_coreservices.dylib
0x000000002bb68000 	/usr/lib/system/libsystem_coretls.dylib
0x000000002bb68000 	/usr/lib/system/libsystem_dnssd.dylib
0x000000002bb68000 	/usr/lib/system/libsystem_info.dylib
0x000000002bb68000 	/usr/lib/system/libsystem_kernel.dylib
0x000000002bb68000 	/usr/lib/system/libsystem_m.dylib
0x000000002bb68000 	/usr/lib/system/libsystem_malloc.dylib
0x000000002bb68000 	/usr/lib/system/libsystem_network.dylib
0x000000002bb68000 	/usr/lib/system/libsystem_networkextension.dylib
0x000000002bb68000 	/usr/lib/system/libsystem_notify.dylib
0x000000002bb68000 	/usr/lib/system/libsystem_platform.dylib
0x000000002bb68000 	/usr/lib/system/libsystem_pthread.dylib
0x000000002bb68000 	/usr/lib/system/libsystem_sandbox.dylib
0x000000002bb68000 	/usr/lib/system/libsystem_secinit.dylib
0x000000002bb68000 	/usr/lib/system/libsystem_symptoms.dylib
0x000000002bb68000 	/usr/lib/system/libsystem_trace.dylib
0x000000002bb68000 	/usr/lib/system/libunwind.dylib
0x000000002bb68000 	/usr/lib/system/libxpc.dylib
0x000000002bb68000 	/usr/lib/libbsm.0.dylib
0x000000002bb68000 	/usr/lib/system/libkxld.dylib
0x000000002bb68000 	/usr/lib/libcoretls.dylib
0x000000002bb68000 	/usr/lib/libcoretls_cfhelpers.dylib
0x000000002bb68000 	/usr/lib/libOpenScriptingUtil.dylib
0x000000002bb68000 	/usr/lib/libpam.2.dylib
0x000000002bb68000 	/usr/lib/libsqlite3.dylib
0x000000002bb68000 	/usr/lib/libxar.1.dylib
0x000000002bb68000 	/usr/lib/libbz2.1.0.dylib
0x000000002bb68000 	/usr/lib/liblzma.5.dylib
0x000000002bb68000 	/usr/lib/libnetwork.dylib
0x000000002bb68000 	/usr/lib/libpcap.A.dylib
0x000000002bb68000 	/System/Library/Frameworks/CoreServices.framework/Versions/A/Frameworks/FSEvents.framework/Versions/A/FSEvents
0x000000002bb68000 	/System/Library/Frameworks/CoreServices.framework/Versions/A/Frameworks/CarbonCore.framework/Versions/A/CarbonCore
0x000000002bb68000 	/System/Library/Frameworks/CoreServices.framework/Versions/A/Frameworks/Metadata.framework/Versions/A/Metadata
0x000000002bb68000 	/System/Library/Frameworks/CoreServices.framework/Versions/A/Frameworks/OSServices.framework/Versions/A/OSServices
0x000000002bb68000 	/System/Library/Frameworks/CoreServices.framework/Versions/A/Frameworks/SearchKit.framework/Versions/A/SearchKit
0x000000002bb68000 	/System/Library/Frameworks/CoreServices.framework/Versions/A/Frameworks/AE.framework/Versions/A/AE
0x000000002bb68000 	/System/Library/Frameworks/CoreServices.framework/Versions/A/Frameworks/LaunchServices.framework/Versions/A/LaunchServices
0x000000002bb68000 	/System/Library/Frameworks/CoreServices.framework/Versions/A/Frameworks/DictionaryServices.framework/Versions/A/DictionaryServices
0x000000002bb68000 	/System/Library/Frameworks/CoreServices.framework/Versions/A/Frameworks/SharedFileList.framework/Versions/A/SharedFileList
0x000000002bb68000 	/System/Library/Frameworks/NetFS.framework/Versions/A/NetFS
0x000000002bb68000 	/System/Library/PrivateFrameworks/NetAuth.framework/Versions/A/NetAuth
0x000000002bb68000 	/System/Library/PrivateFrameworks/login.framework/Versions/A/Frameworks/loginsupport.framework/Versions/A/loginsupport
0x000000002bb68000 	/System/Library/PrivateFrameworks/TCC.framework/Versions/A/TCC
0x000000002bb68000 	/usr/lib/libmecabra.dylib
0x000000002bb68000 	/System/Library/Frameworks/ApplicationServices.framework/Versions/A/Frameworks/ATS.framework/Versions/A/ATS
0x000000002bb68000 	/System/Library/Frameworks/ApplicationServices.framework/Versions/A/Frameworks/ColorSync.framework/Versions/A/ColorSync
0x000000002bb68000 	/System/Library/Frameworks/ApplicationServices.framework/Versions/A/Frameworks/HIServices.framework/Versions/A/HIServices
0x000000002bb68000 	/System/Library/Frameworks/ApplicationServices.framework/Versions/A/Frameworks/LangAnalysis.framework/Versions/A/LangAnalysis
0x000000002bb68000 	/System/Library/Frameworks/ApplicationServices.framework/Versions/A/Frameworks/PrintCore.framework/Versions/A/PrintCore
0x000000002bb68000 	/System/Library/Frameworks/ApplicationServices.framework/Versions/A/Frameworks/QD.framework/Versions/A/QD
0x000000002bb68000 	/System/Library/Frameworks/ApplicationServices.framework/Versions/A/Frameworks/SpeechSynthesis.framework/Versions/A/SpeechSynthesis
0x000000002bb68000 	/System/Library/Frameworks/Accelerate.framework/Versions/A/Frameworks/vImage.framework/Versions/A/vImage
0x000000002bb68000 	/System/Library/Frameworks/Accelerate.framework/Versions/A/Frameworks/vecLib.framework/Versions/A/vecLib
0x000000002bb68000 	/System/Library/Frameworks/Accelerate.framework/Versions/A/Frameworks/vecLib.framework/Versions/A/libvDSP.dylib
0x000000002bb68000 	/System/Library/Frameworks/Accelerate.framework/Versions/A/Frameworks/vecLib.framework/Versions/A/libBNNS.dylib
0x000000002bb68000 	/System/Library/Frameworks/Accelerate.framework/Versions/A/Frameworks/vecLib.framework/Versions/A/libQuadrature.dylib
0x000000002bb68000 	/System/Library/Frameworks/Accelerate.framework/Versions/A/Frameworks/vecLib.framework/Versions/A/libvMisc.dylib
0x000000002bb68000 	/System/Library/Frameworks/Accelerate.framework/Versions/A/Frameworks/vecLib.framework/Versions/A/libLAPACK.dylib
0x000000002bb68000 	/System/Library/Frameworks/Accelerate.framework/Versions/A/Frameworks/vecLib.framework/Versions/A/libBLAS.dylib
0x000000002bb68000 	/System/Library/Frameworks/Accelerate.framework/Versions/A/Frameworks/vecLib.framework/Versions/A/libLinearAlgebra.dylib
0x000000002bb68000 	/System/Library/Frameworks/Accelerate.framework/Versions/A/Frameworks/vecLib.framework/Versions/A/libSparseBLAS.dylib
0x000000002bb68000 	/System/Library/Frameworks/ApplicationServices.framework/Versions/A/Frameworks/ATS.framework/Versions/A/Resources/libFontParser.dylib
0x000000002bb68000 	/System/Library/Frameworks/ApplicationServices.framework/Versions/A/Frameworks/ATS.framework/Versions/A/Resources/libFontRegistry.dylib
0x000000002bb68000 	/System/Library/Frameworks/ImageIO.framework/Versions/A/Resources/libJPEG.dylib
0x000000002bb68000 	/System/Library/Frameworks/ImageIO.framework/Versions/A/Resources/libTIFF.dylib
0x000000002bb68000 	/System/Library/Frameworks/ImageIO.framework/Versions/A/Resources/libPng.dylib
0x000000002bb68000 	/System/Library/Frameworks/ImageIO.framework/Versions/A/Resources/libGIF.dylib
0x000000002bb68000 	/System/Library/Frameworks/ImageIO.framework/Versions/A/Resources/libJP2.dylib
0x000000002bb68000 	/System/Library/Frameworks/ImageIO.framework/Versions/A/Resources/libRadiance.dylib
0x000000002bb68000 	/usr/lib/libcompression.dylib
0x000000002bb68000 	/System/Library/PrivateFrameworks/AppleJPEG.framework/Versions/A/AppleJPEG
0x000000002bb68000 	/usr/lib/libcups.2.dylib
0x000000002bb68000 	/System/Library/Frameworks/Kerberos.framework/Versions/A/Kerberos
0x000000002bb68000 	/System/Library/Frameworks/GSS.framework/Versions/A/GSS
0x000000002bb68000 	/usr/lib/libresolv.9.dylib
0x000000002bb68000 	/usr/lib/libiconv.2.dylib
0x000000002bb68000 	/System/Library/PrivateFrameworks/Heimdal.framework/Versions/A/Heimdal
0x000000002bb68000 	/usr/lib/libheimdal-asn1.dylib
0x000000002bb68000 	/System/Library/Frameworks/OpenDirectory.framework/Versions/A/OpenDirectory
0x000000002bb68000 	/System/Library/PrivateFrameworks/CommonAuth.framework/Versions/A/CommonAuth
0x000000002bb68000 	/System/Library/Frameworks/OpenDirectory.framework/Versions/A/Frameworks/CFOpenDirectory.framework/Versions/A/CFOpenDirectory
0x000000002bb68000 	/System/Library/Frameworks/SecurityFoundation.framework/Versions/A/SecurityFoundation
0x000000002bb68000 	/System/Library/PrivateFrameworks/LanguageModeling.framework/Versions/A/LanguageModeling
0x000000002bb68000 	/usr/lib/libmarisa.dylib
0x000000002bb68000 	/usr/lib/libChineseTokenizer.dylib
0x000000002bb68000 	/usr/lib/libcmph.dylib
0x000000002bb68000 	/System/Library/PrivateFrameworks/CoreEmoji.framework/Versions/A/CoreEmoji
0x000000002bb68000 	/System/Library/Frameworks/ServiceManagement.framework/Versions/A/ServiceManagement
0x000000002bb68000 	/usr/lib/libxslt.1.dylib
0x000000002bb68000 	/System/Library/Frameworks/Carbon.framework/Versions/A/Frameworks/Ink.framework/Versions/A/Ink
0x000000002bb68000 	/System/Library/PrivateFrameworks/TextureIO.framework/Versions/A/TextureIO
0x000000002bb68000 	/System/Library/Frameworks/Metal.framework/Versions/A/Metal
0x000000002bb68000 	/usr/lib/libate.dylib
0x000000002bb68000 	/System/Library/PrivateFrameworks/GPUCompiler.framework/libmetal_timestamp.dylib
0x000000002bb68000 	/System/Library/Frameworks/OpenGL.framework/Versions/A/Libraries/libCoreFSCache.dylib
0x000000002bb68000 	/System/Library/PrivateFrameworks/IOAccelerator.framework/Versions/A/IOAccelerator
0x000000002bb68000 	/System/Library/Frameworks/CoreVideo.framework/Versions/A/CoreVideo
0x000000002bb68000 	/usr/lib/libFosl_dynamic.dylib
0x000000002bb68000 	/System/Library/PrivateFrameworks/MetalPerformanceShaders.framework/Versions/A/MetalPerformanceShaders
0x000000002bb68000 	/System/Library/PrivateFrameworks/FaceCore.framework/Versions/A/FaceCore
0x000000002bb68000 	/System/Library/Frameworks/OpenCL.framework/Versions/A/OpenCL
0x000000002bb68000 	/System/Library/Frameworks/OpenGL.framework/Versions/A/Libraries/libGLU.dylib
0x000000002bb68000 	/System/Library/Frameworks/OpenGL.framework/Versions/A/Libraries/libGFXShared.dylib
0x000000002bb68000 	/System/Library/Frameworks/OpenGL.framework/Versions/A/Libraries/libGL.dylib
0x000000002bb68000 	/System/Library/Frameworks/OpenGL.framework/Versions/A/Libraries/libGLImage.dylib
0x000000002bb68000 	/System/Library/Frameworks/OpenGL.framework/Versions/A/Libraries/libCVMSPluginSupport.dylib
0x000000002bb68000 	/System/Library/Frameworks/OpenGL.framework/Versions/A/Libraries/libCoreVMClient.dylib
0x000000002bb68000 	/System/Library/PrivateFrameworks/CrashReporterSupport.framework/Versions/A/CrashReporterSupport
0x000000002bb68000 	/System/Library/PrivateFrameworks/Sharing.framework/Versions/A/Sharing
0x000000002bb68000 	/System/Library/PrivateFrameworks/IconServices.framework/Versions/A/IconServices
0x000000002bb68000 	/System/Library/PrivateFrameworks/ProtocolBuffer.framework/Versions/A/ProtocolBuffer
0x000000002bb68000 	/System/Library/PrivateFrameworks/Apple80211.framework/Versions/A/Apple80211
0x000000002bb68000 	/System/Library/Frameworks/CoreWLAN.framework/Versions/A/CoreWLAN
0x000000002bb68000 	/System/Library/PrivateFrameworks/CoreUtils.framework/Versions/A/CoreUtils
0x000000002bb68000 	/System/Library/Frameworks/IOBluetooth.framework/Versions/A/IOBluetooth
0x000000002bb68000 	/System/Library/PrivateFrameworks/CoreWiFi.framework/Versions/A/CoreWiFi
0x000000002bb68000 	/System/Library/Frameworks/CoreBluetooth.framework/Versions/A/CoreBluetooth
0x000000002bb68000 	/System/Library/Frameworks/CoreDisplay.framework/Versions/A/CoreDisplay
0x000000002bb68000 	/System/Library/PrivateFrameworks/IOPresentment.framework/Versions/A/IOPresentment
0x000000002bb68000 	/System/Library/PrivateFrameworks/DSExternalDisplay.framework/Versions/A/DSExternalDisplay
0x000000002bb68000 	/System/Library/PrivateFrameworks/DebugSymbols.framework/Versions/A/DebugSymbols
0x000000002bb68000 	/System/Library/PrivateFrameworks/CoreSymbolication.framework/Versions/A/CoreSymbolication
0x000000002bb68000 	/System/Library/PrivateFrameworks/Symbolication.framework/Versions/A/Symbolication
0x000000002bb68000 	/System/Library/PrivateFrameworks/AppleFSCompression.framework/Versions/A/AppleFSCompression
0x000000002bb68000 	/System/Library/PrivateFrameworks/SpeechRecognitionCore.framework/Versions/A/SpeechRecognitionCore
0x000000002bb68000 	/System/Library/PrivateFrameworks/ChunkingLibrary.framework/Versions/A/ChunkingLibrary
0x000000010a400000 	/Library/Java/JavaVirtualMachines/jdk1.8.0_131.jdk/Contents/Home/jre/lib/server/libjvm.dylib
0x000000002bb68000 	/usr/lib/libstdc++.6.dylib
0x000000010920e000 	/Library/Java/JavaVirtualMachines/jdk1.8.0_131.jdk/Contents/Home/jre/lib/libverify.dylib
0x000000010921c000 	/Library/Java/JavaVirtualMachines/jdk1.8.0_131.jdk/Contents/Home/jre/lib/libjava.dylib
0x000000010925b000 	/Library/Java/JavaVirtualMachines/jdk1.8.0_131.jdk/Contents/Home/jre/lib/libzip.dylib
0x000000010da28000 	/System/Library/Frameworks/JavaVM.framework/Frameworks/JavaRuntimeSupport.framework/JavaRuntimeSupport
0x000000010da42000 	/System/Library/Frameworks/JavaVM.framework/Versions/A/Frameworks/JavaNativeFoundation.framework/Versions/A/JavaNativeFoundation
0x00000001093ef000 	/System/Library/Frameworks/JavaVM.framework/Versions/A/JavaVM
0x000000002bb68000 	/System/Library/Frameworks/Carbon.framework/Versions/A/Carbon
0x000000010da57000 	/System/Library/PrivateFrameworks/JavaLaunching.framework/Versions/A/JavaLaunching
0x000000002bb68000 	/System/Library/Frameworks/Carbon.framework/Versions/A/Frameworks/CommonPanels.framework/Versions/A/CommonPanels
0x000000002bb68000 	/System/Library/Frameworks/Carbon.framework/Versions/A/Frameworks/Help.framework/Versions/A/Help
0x000000002bb68000 	/System/Library/Frameworks/Carbon.framework/Versions/A/Frameworks/ImageCapture.framework/Versions/A/ImageCapture
0x000000002bb68000 	/System/Library/Frameworks/Carbon.framework/Versions/A/Frameworks/OpenScripting.framework/Versions/A/OpenScripting
0x000000002bb68000 	/System/Library/Frameworks/Carbon.framework/Versions/A/Frameworks/Print.framework/Versions/A/Print
0x000000002bb68000 	/System/Library/Frameworks/Carbon.framework/Versions/A/Frameworks/SecurityHI.framework/Versions/A/SecurityHI

VM Arguments:
jvm_args: -Xmx10240000m -Dfile.encoding=UTF-8 
java_command: markov_random_field -Xmx10240000m
java_class_path (initial): /Users/weichaozhou/Documents/Boston University/EC504/EC504_Project
Launcher Type: SUN_STANDARD

Environment Variables:
PATH=/usr/bin:/bin:/usr/sbin:/sbin
SHELL=/bin/bash

Signal Handlers:
SIGSEGV: [libjvm.dylib+0x5b1eb1], sa_mask[0]=11111111011111110111111111111111, sa_flags=SA_ONSTACK|SA_RESTART|SA_SIGINFO
SIGBUS: [libjvm.dylib+0x5b1eb1], sa_mask[0]=11111111011111110111111111111111, sa_flags=SA_RESTART|SA_SIGINFO
SIGFPE: [libjvm.dylib+0x488988], sa_mask[0]=11111111011111110111111111111111, sa_flags=SA_RESTART|SA_SIGINFO
SIGPIPE: [libjvm.dylib+0x488988], sa_mask[0]=11111111011111110111111111111111, sa_flags=SA_RESTART|SA_SIGINFO
SIGXFSZ: [libjvm.dylib+0x488988], sa_mask[0]=11111111011111110111111111111111, sa_flags=SA_RESTART|SA_SIGINFO
SIGILL: [libjvm.dylib+0x488988], sa_mask[0]=11111111011111110111111111111111, sa_flags=SA_RESTART|SA_SIGINFO
SIGUSR1: SIG_DFL, sa_mask[0]=00000000000000000000000000000000, sa_flags=none
SIGUSR2: [libjvm.dylib+0x4884a6], sa_mask[0]=00100000000000000000000000000000, sa_flags=SA_RESTART|SA_SIGINFO
SIGHUP: [libjvm.dylib+0x486a7d], sa_mask[0]=11111111011111110111111111111111, sa_flags=SA_RESTART|SA_SIGINFO
SIGINT: [libjvm.dylib+0x486a7d], sa_mask[0]=11111111011111110111111111111111, sa_flags=SA_RESTART|SA_SIGINFO
SIGTERM: [libjvm.dylib+0x486a7d], sa_mask[0]=11111111011111110111111111111111, sa_flags=SA_RESTART|SA_SIGINFO
SIGQUIT: [libjvm.dylib+0x486a7d], sa_mask[0]=11111111011111110111111111111111, sa_flags=SA_RESTART|SA_SIGINFO


---------------  S Y S T E M  ---------------

OS:Bsduname:Darwin 16.5.0 Darwin Kernel Version 16.5.0: Fri Mar  3 16:52:33 PST 2017; root:xnu-3789.51.2~3/RELEASE_X86_64 x86_64
rlimit: STACK 8192k, CORE 0k, NPROC 709, NOFILE 10240, AS infinity
load average:2.54 1.66 1.83

CPU:total 8 (initial active 8) (4 cores per cpu, 2 threads per core) family 6 model 94 stepping 3, cmov, cx8, fxsr, mmx, sse, sse2, sse3, ssse3, sse4.1, sse4.2, popcnt, avx, avx2, aes, clmul, erms, rtm, 3dnowpref, lzcnt, ht, tsc, tscinvbit, bmi1, bmi2, adx

Memory: 4k page, physical 16777216k(16552k free)

/proc/meminfo:


vm_info: Java HotSpot(TM) 64-Bit Server VM (25.131-b11) for bsd-amd64 JRE (1.8.0_131-b11), built on Mar 15 2017 01:32:22 by "java_re" with gcc 4.2.1 (Based on Apple Inc. build 5658) (LLVM build 2336.11.00)

time: Sat Apr 29 19:36:32 2017
elapsed time: 7 seconds (0d 0h 0m 7s)

